TN:
SF:src\config\database.ts
FNF:0
FNH:0
DA:1,1
DA:2,1
DA:4,1
DA:5,1
DA:6,1
DA:7,1
DA:8,1
DA:10,1
DA:17,1
LF:9
LH:9
BRF:0
BRH:0
end_of_record
TN:
SF:src\controllers\user.ts
FN:7,(anonymous_8)
FN:7,(anonymous_9)
FN:18,(anonymous_10)
FN:18,(anonymous_11)
FN:27,(anonymous_12)
FN:27,(anonymous_13)
FN:42,(anonymous_14)
FN:42,(anonymous_15)
FNF:8
FNH:2
FNDA:3,(anonymous_8)
FNDA:3,(anonymous_9)
FNDA:0,(anonymous_10)
FNDA:0,(anonymous_11)
FNDA:0,(anonymous_12)
FNDA:0,(anonymous_13)
FNDA:0,(anonymous_14)
FNDA:0,(anonymous_15)
DA:2,1
DA:5,1
DA:7,3
DA:8,3
DA:9,3
DA:10,3
DA:11,3
DA:12,2
DA:14,1
DA:18,1
DA:19,0
DA:20,0
DA:21,0
DA:23,0
DA:27,1
DA:28,0
DA:29,0
DA:34,0
DA:38,0
DA:42,1
DA:43,0
DA:44,0
DA:45,0
DA:47,0
LF:24
LH:12
BRDA:9,0,0,1
BRDA:9,0,1,2
BRDA:10,1,0,1
BRDA:10,1,1,2
BRF:4
BRH:4
end_of_record
TN:
SF:src\models\User.ts
FNF:0
FNH:0
DA:1,1
DA:2,1
DA:14,1
DA:53,1
LF:4
LH:4
BRF:0
BRH:0
end_of_record
TN:
SF:src\services\userService.ts
FN:5,(anonymous_8)
FN:7,(anonymous_9)
FN:7,(anonymous_10)
FN:20,(anonymous_11)
FN:32,(anonymous_13)
FN:57,(anonymous_15)
FNF:6
FNH:1
FNDA:1,(anonymous_8)
FNDA:0,(anonymous_9)
FNDA:0,(anonymous_10)
FNDA:0,(anonymous_11)
FNDA:0,(anonymous_13)
FNDA:0,(anonymous_15)
DA:2,1
DA:4,1
DA:5,1
DA:7,0
DA:8,0
DA:9,0
DA:14,0
DA:16,0
DA:21,0
DA:22,0
DA:25,0
DA:26,0
DA:28,0
DA:33,0
DA:34,0
DA:35,0
DA:37,0
DA:39,0
DA:43,0
DA:46,0
DA:47,0
DA:48,0
DA:50,0
DA:51,0
DA:53,0
DA:58,0
DA:59,0
DA:60,0
DA:62,0
DA:64,0
LF:30
LH:3
BRDA:5,0,0,1
BRDA:7,1,0,0
BRDA:7,2,0,0
BRDA:25,3,0,0
BRDA:35,4,0,0
BRDA:37,5,0,0
BRDA:39,6,0,0
BRDA:40,7,0,0
BRDA:40,7,1,0
BRDA:40,7,2,0
BRDA:46,8,0,0
BRDA:47,9,0,0
BRDA:48,10,0,0
BRDA:48,11,0,0
BRDA:48,11,1,0
BRDA:60,12,0,0
BRF:16
BRH:1
end_of_record
